Using pre-set license
Built from '2020.3/staging' branch; Version is '2020.3.10f1 (297d780c91bc) revision 2719096'; Using compiler version '192528614'; Build Type 'Release'
OS: 'Windows 10 Pro; OS build 19042.1288; Version 2009; 64bit' Language: 'en' Physical Memory: 65165 MB
BatchMode: 1, IsHumanControllingUs: 0, StartBugReporterOnCrash: 0, Is64bit: 1, IsPro: 0

 COMMAND LINE ARGUMENTS:
C:\Program Files\Unity\Hub\Editor\2020.3.10f1\Editor\Unity.exe
-adb2
-batchMode
-noUpm
-name
AssetImportWorker0
-projectPath
C:/Users/knipper/Documents/DisasterRun
-logFile
Logs/AssetImportWorker0.log
-srvPort
56934
Successfully changed project path to: C:/Users/knipper/Documents/DisasterRun
C:/Users/knipper/Documents/DisasterRun
Using Asset Import Pipeline V2.
Refreshing native plugins compatible for Editor in 20.43 ms, found 2 plugins.
Preloading 0 native plugins for Editor in 0.00 ms.
Initialize engine version: 2020.3.10f1 (297d780c91bc)
[Subsystems] Discovering subsystems at path C:/Program Files/Unity/Hub/Editor/2020.3.10f1/Editor/Data/Resources/UnitySubsystems
[Subsystems] Discovering subsystems at path C:/Users/knipper/Documents/DisasterRun/Assets
GfxDevice: creating device client; threaded=0
Direct3D:
    Version:  Direct3D 11.0 [level 11.1]
    Renderer: NVIDIA Quadro RTX 5000 (ID=0x1eb5)
    Vendor:   
    VRAM:     16170 MB
    Driver:   27.21.14.5266
Initialize mono
Mono path[0] = 'C:/Program Files/Unity/Hub/Editor/2020.3.10f1/Editor/Data/Managed'
Mono path[1] = 'C:/Program Files/Unity/Hub/Editor/2020.3.10f1/Editor/Data/MonoBleedingEdge/lib/mono/unityjit'
Mono config path = 'C:/Program Files/Unity/Hub/Editor/2020.3.10f1/Editor/Data/MonoBleedingEdge/etc'
Using monoOptions --debugger-agent=transport=dt_socket,embedding=1,server=y,suspend=n,address=127.0.0.1:56616
Begin MonoManager ReloadAssembly
Registering precompiled unity dll's ...
Register platform support module: C:/Program Files/Unity/Hub/Editor/2020.3.10f1/Editor/Data/PlaybackEngines/WebGLSupport/UnityEditor.WebGL.Extensions.dll
Register platform support module: C:/Program Files/Unity/Hub/Editor/2020.3.10f1/Editor/Data/PlaybackEngines/WindowsStandaloneSupport/UnityEditor.WindowsStandalone.Extensions.dll
Registered in 0.001591 seconds.
Native extension for WindowsStandalone target not found
Native extension for WebGL target not found
Refreshing native plugins compatible for Editor in 20.59 ms, found 2 plugins.
Preloading 0 native plugins for Editor in 0.00 ms.
Mono: successfully reloaded assembly
- Completed reload, in  1.739 seconds
Platform modules already initialized, skipping
Registering precompiled user dll's ...
Registered in 0.002600 seconds.
Begin MonoManager ReloadAssembly
Native extension for WindowsStandalone target not found
Native extension for WebGL target not found
Refreshing native plugins compatible for Editor in 0.24 ms, found 2 plugins.
Preloading 0 native plugins for Editor in 0.00 ms.
Mono: successfully reloaded assembly
- Completed reload, in  0.841 seconds
Platform modules already initialized, skipping
========================================================================
Worker process is ready to serve import requests
Launched and connected shader compiler UnityShaderCompiler.exe after 0.03 seconds
Refreshing native plugins compatible for Editor in 0.25 ms, found 2 plugins.
Preloading 0 native plugins for Editor in 0.00 ms.
Unloading 1386 Unused Serialized files (Serialized files now loaded: 0)
System memory in use before: 64.6 MB.
System memory in use after: 64.7 MB.

Unloading 19 unused Assets to reduce memory usage. Loaded Objects now: 1819.
Total: 1.597900 ms (FindLiveObjects: 0.132500 ms CreateObjectMapping: 0.034400 ms MarkObjects: 1.328300 ms  DeleteObjects: 0.101900 ms)

========================================================================
Received Import Request.
  path: Assets/animations/Ch20_nonPBR.fbx
  artifactKey: Guid(0b0473c12cfeb2f468b2795182f16829) Importer(815301076,1909f56bfc062723c751e8b465ee728b)
Start importing Assets/animations/Ch20_nonPBR.fbx using Guid(0b0473c12cfeb2f468b2795182f16829) Importer(815301076,1909f56bfc062723c751e8b465ee728b)  -> (artifact id: '44fe67b26bf824a755536fe88174f482') in 0.483221 seconds
  Import took 0.485478 seconds .

========================================================================
Received Import Request.
  Time since last request: 0.000181 seconds.
  path: Assets/animations/Ch20_nonPBR@Goalkeeper Idle.fbx
  artifactKey: Guid(57b6af9c9c5c785438139eb850ee0a9b) Importer(815301076,1909f56bfc062723c751e8b465ee728b)
Start importing Assets/animations/Ch20_nonPBR@Goalkeeper Idle.fbx using Guid(57b6af9c9c5c785438139eb850ee0a9b) Importer(815301076,1909f56bfc062723c751e8b465ee728b)  -> (artifact id: '4b07bb8d03e6f1afd73491e534e1278b') in 0.041807 seconds
  Import took 0.043998 seconds .

========================================================================
Received Import Request.
  Time since last request: 0.000183 seconds.
  path: Assets/animations
  artifactKey: Guid(2fc0d74182f2dbb4e8b5f2a8470effec) Importer(815301076,1909f56bfc062723c751e8b465ee728b)
Start importing Assets/animations using Guid(2fc0d74182f2dbb4e8b5f2a8470effec) Importer(815301076,1909f56bfc062723c751e8b465ee728b)  -> (artifact id: 'd1389824e7c7ec0b208ad6651f3ff003') in 0.004790 seconds
  Import took 0.006690 seconds .

========================================================================
Received Prepare
Registering precompiled user dll's ...
Registered in 0.002232 seconds.
Begin MonoManager ReloadAssembly
Native extension for WindowsStandalone target not found
Native extension for WebGL target not found
Refreshing native plugins compatible for Editor in 0.28 ms, found 2 plugins.
Preloading 0 native plugins for Editor in 0.00 ms.
Mono: successfully reloaded assembly
- Completed reload, in  0.776 seconds
Platform modules already initialized, skipping
Refreshing native plugins compatible for Editor in 0.25 ms, found 2 plugins.
Preloading 0 native plugins for Editor in 0.00 ms.
Unloading 1381 Unused Serialized files (Serialized files now loaded: 0)
System memory in use before: 81.6 MB.
System memory in use after: 81.7 MB.

Unloading 14 unused Assets to reduce memory usage. Loaded Objects now: 1866.
Total: 1.654000 ms (FindLiveObjects: 0.129500 ms CreateObjectMapping: 0.039300 ms MarkObjects: 1.431300 ms  DeleteObjects: 0.053100 ms)

========================================================================
Received Import Request.
  Time since last request: 446.916922 seconds.
  path: Assets/animations/animations
  artifactKey: Guid(8e09c196f97b9564796fb054e81c7a6a) Importer(815301076,1909f56bfc062723c751e8b465ee728b)
Start importing Assets/animations/animations using Guid(8e09c196f97b9564796fb054e81c7a6a) Importer(815301076,1909f56bfc062723c751e8b465ee728b)  -> (artifact id: 'ba0b530dc5cd68aa9bec7bf4cb65ac30') in 0.005495 seconds
  Import took 0.007609 seconds .

========================================================================
Received Import Request.
  Time since last request: 0.002485 seconds.
  path: Assets/animations/animations
  artifactKey: Guid(8e09c196f97b9564796fb054e81c7a6a) Importer(815301076,1909f56bfc062723c751e8b465ee728b)
Start importing Assets/animations/animations using Guid(8e09c196f97b9564796fb054e81c7a6a) Importer(815301076,1909f56bfc062723c751e8b465ee728b)  -> (artifact id: 'ba0b530dc5cd68aa9bec7bf4cb65ac30') in 0.002244 seconds
  Import took 0.005253 seconds .

========================================================================
Received Import Request.
  Time since last request: 2.567806 seconds.
  path: Assets/animations/animations/Ch20_nonPBR.fbx
  artifactKey: Guid(434e0b796f5e3f443913013ceeaea012) Importer(815301076,1909f56bfc062723c751e8b465ee728b)
Start importing Assets/animations/animations/Ch20_nonPBR.fbx using Guid(434e0b796f5e3f443913013ceeaea012) Importer(815301076,1909f56bfc062723c751e8b465ee728b)  -> (artifact id: '515eb08a6e75ae4e7cec5732c65de3e8') in 0.078848 seconds
  Import took 0.081270 seconds .

========================================================================
Received Import Request.
  Time since last request: 0.000259 seconds.
  path: Assets/animations/animations/Ch20_nonPBR@Goalkeeper Idle.fbx
  artifactKey: Guid(4e4260f319883854999204948d15b47c) Importer(815301076,1909f56bfc062723c751e8b465ee728b)
Start importing Assets/animations/animations/Ch20_nonPBR@Goalkeeper Idle.fbx using Guid(4e4260f319883854999204948d15b47c) Importer(815301076,1909f56bfc062723c751e8b465ee728b)  -> (artifact id: '3ff34f737ff6e17da1d9c53beb0b8cde') in 0.042410 seconds
  Import took 0.044503 seconds .

========================================================================
Received Prepare
Registering precompiled user dll's ...
Registered in 0.002577 seconds.
Begin MonoManager ReloadAssembly
Native extension for WindowsStandalone target not found
Native extension for WebGL target not found
Refreshing native plugins compatible for Editor in 0.24 ms, found 2 plugins.
Preloading 0 native plugins for Editor in 0.00 ms.
Mono: successfully reloaded assembly
- Completed reload, in  0.711 seconds
Platform modules already initialized, skipping
Refreshing native plugins compatible for Editor in 0.26 ms, found 2 plugins.
Preloading 0 native plugins for Editor in 0.00 ms.
Unloading 1381 Unused Serialized files (Serialized files now loaded: 0)
System memory in use before: 81.7 MB.
System memory in use after: 81.7 MB.

Unloading 14 unused Assets to reduce memory usage. Loaded Objects now: 1870.
Total: 2.076900 ms (FindLiveObjects: 0.203800 ms CreateObjectMapping: 0.080300 ms MarkObjects: 1.748400 ms  DeleteObjects: 0.043700 ms)

========================================================================
Received Import Request.
  Time since last request: 413.607812 seconds.
  path: Assets/animations/animations/Ch20_nonPBR.fbx
  artifactKey: Guid(434e0b796f5e3f443913013ceeaea012) Importer(815301076,1909f56bfc062723c751e8b465ee728b)
Start importing Assets/animations/animations/Ch20_nonPBR.fbx using Guid(434e0b796f5e3f443913013ceeaea012) Importer(815301076,1909f56bfc062723c751e8b465ee728b)  -> (artifact id: 'b57b94be098c4a60e986638c43c0e757') in 0.081069 seconds
  Import took 0.083797 seconds .

========================================================================
Received Import Request.
  Time since last request: 4.335424 seconds.
  path: Assets/Ch20_body.mat
  artifactKey: Guid(cf69fd03d7dc7e24ea337c92305a23e6) Importer(815301076,1909f56bfc062723c751e8b465ee728b)
Start importing Assets/Ch20_body.mat using Guid(cf69fd03d7dc7e24ea337c92305a23e6) Importer(815301076,1909f56bfc062723c751e8b465ee728b)  -> (artifact id: '4ba633b7de01b3c26fc94ce695a295ca') in 0.078594 seconds
  Import took 0.080894 seconds .

========================================================================
Received Import Request.
  Time since last request: 35.863090 seconds.
  path: Assets/xbot.fbx
  artifactKey: Guid(05ea55d12eb881142b16107eec61d91f) Importer(815301076,1909f56bfc062723c751e8b465ee728b)
Start importing Assets/xbot.fbx using Guid(05ea55d12eb881142b16107eec61d91f) Importer(815301076,1909f56bfc062723c751e8b465ee728b)  -> (artifact id: '5a03b052b67bde6d384a83a87e393544') in 0.049583 seconds
  Import took 0.051810 seconds .

========================================================================
Received Import Request.
  Time since last request: 206.115477 seconds.
  path: Assets/Ch20_nonPBR@Goalkeeper Idle.png
  artifactKey: Guid(ffe5ad82559a5bb4a81ca8bd870b35a5) Importer(815301076,1909f56bfc062723c751e8b465ee728b)
Start importing Assets/Ch20_nonPBR@Goalkeeper Idle.png using Guid(ffe5ad82559a5bb4a81ca8bd870b35a5) Importer(815301076,1909f56bfc062723c751e8b465ee728b)  -> (artifact id: '7c9d7cf82434564d9ddbe3511dbb717a') in 0.030339 seconds
  Import took 0.033077 seconds .

========================================================================
Received Import Request.
  Time since last request: 0.000633 seconds.
  path: Assets/Ch20_nonPBR@Goalkeeper Idle.png
  artifactKey: Guid(ffe5ad82559a5bb4a81ca8bd870b35a5) Importer(815301076,1909f56bfc062723c751e8b465ee728b)
Start importing Assets/Ch20_nonPBR@Goalkeeper Idle.png using Guid(ffe5ad82559a5bb4a81ca8bd870b35a5) Importer(815301076,1909f56bfc062723c751e8b465ee728b)  -> (artifact id: '7c9d7cf82434564d9ddbe3511dbb717a') in 0.011155 seconds
  Import took 0.013416 seconds .

========================================================================
Received Import Request.
  Time since last request: 279.941571 seconds.
  path: Assets/animations/Ch20_nonPBR.fbx
  artifactKey: Guid(0b0473c12cfeb2f468b2795182f16829) Importer(815301076,1909f56bfc062723c751e8b465ee728b)
Start importing Assets/animations/Ch20_nonPBR.fbx using Guid(0b0473c12cfeb2f468b2795182f16829) Importer(815301076,1909f56bfc062723c751e8b465ee728b)  -> (artifact id: '6fc15e22d47ea7d04708923183e2fc27') in 0.048871 seconds
  Import took 0.051284 seconds .

========================================================================
Received Import Request.
  Time since last request: 0.000221 seconds.
  path: Assets/animations/Ch20_nonPBR@Goalkeeper Idle.fbx
  artifactKey: Guid(57b6af9c9c5c785438139eb850ee0a9b) Importer(815301076,1909f56bfc062723c751e8b465ee728b)
Start importing Assets/animations/Ch20_nonPBR@Goalkeeper Idle.fbx using Guid(57b6af9c9c5c785438139eb850ee0a9b) Importer(815301076,1909f56bfc062723c751e8b465ee728b)  -> (artifact id: '30973befaf23fb2a87157aa740e6ca7b') in 0.023117 seconds
  Import took 0.025484 seconds .

========================================================================
Received Import Request.
  Time since last request: 10.886196 seconds.
  path: Assets/animations/Ch20_nonPBR.fbx
  artifactKey: Guid(0b0473c12cfeb2f468b2795182f16829) Importer(815301076,1909f56bfc062723c751e8b465ee728b)
Start importing Assets/animations/Ch20_nonPBR.fbx using Guid(0b0473c12cfeb2f468b2795182f16829) Importer(815301076,1909f56bfc062723c751e8b465ee728b)  -> (artifact id: '452fa0b48a5a7f214824d8e7a746bf21') in 0.067577 seconds
  Import took 0.069873 seconds .

