Using pre-set license
Built from '2020.3/staging' branch; Version is '2020.3.10f1 (297d780c91bc) revision 2719096'; Using compiler version '192528614'; Build Type 'Release'
OS: 'Windows 10 Pro; OS build 19044.1586; Version 2009; 64bit' Language: 'en' Physical Memory: 65165 MB
BatchMode: 1, IsHumanControllingUs: 0, StartBugReporterOnCrash: 0, Is64bit: 1, IsPro: 0

 COMMAND LINE ARGUMENTS:
C:\Program Files\Unity\Hub\Editor\2020.3.10f1\Editor\Unity.exe
-adb2
-batchMode
-noUpm
-name
AssetImportWorker0
-projectPath
C:/Users/knipper/Documents/DisasterRun
-logFile
Logs/AssetImportWorker0.log
-srvPort
52015
Successfully changed project path to: C:/Users/knipper/Documents/DisasterRun
C:/Users/knipper/Documents/DisasterRun
Using Asset Import Pipeline V2.
Refreshing native plugins compatible for Editor in 58.29 ms, found 2 plugins.
Preloading 0 native plugins for Editor in 0.00 ms.
Initialize engine version: 2020.3.10f1 (297d780c91bc)
[Subsystems] Discovering subsystems at path C:/Program Files/Unity/Hub/Editor/2020.3.10f1/Editor/Data/Resources/UnitySubsystems
[Subsystems] Discovering subsystems at path C:/Users/knipper/Documents/DisasterRun/Assets
GfxDevice: creating device client; threaded=0
Direct3D:
    Version:  Direct3D 11.0 [level 11.1]
    Renderer: NVIDIA Quadro RTX 5000 (ID=0x1eb5)
    Vendor:   
    VRAM:     16170 MB
    Driver:   27.21.14.5266
Shader 'Transparent/Cutout/Complete': fallback shader 'Transparent/Cutout/BumpedSpecular' not found
Shader 'Universal Render Pipeline/Particles/Lit': fallback shader 'Universal Render Pipeline/Particles/SimpleLit' not found
Initialize mono
Mono path[0] = 'C:/Program Files/Unity/Hub/Editor/2020.3.10f1/Editor/Data/Managed'
Mono path[1] = 'C:/Program Files/Unity/Hub/Editor/2020.3.10f1/Editor/Data/MonoBleedingEdge/lib/mono/unityjit'
Mono config path = 'C:/Program Files/Unity/Hub/Editor/2020.3.10f1/Editor/Data/MonoBleedingEdge/etc'
Using monoOptions --debugger-agent=transport=dt_socket,embedding=1,server=y,suspend=n,address=127.0.0.1:56180
Begin MonoManager ReloadAssembly
Registering precompiled unity dll's ...
Register platform support module: C:/Program Files/Unity/Hub/Editor/2020.3.10f1/Editor/Data/PlaybackEngines/WebGLSupport/UnityEditor.WebGL.Extensions.dll
Register platform support module: C:/Program Files/Unity/Hub/Editor/2020.3.10f1/Editor/Data/PlaybackEngines/WindowsStandaloneSupport/UnityEditor.WindowsStandalone.Extensions.dll
Registered in 0.001619 seconds.
Native extension for WindowsStandalone target not found
Native extension for WebGL target not found
Refreshing native plugins compatible for Editor in 56.92 ms, found 2 plugins.
Preloading 0 native plugins for Editor in 0.00 ms.
Mono: successfully reloaded assembly
- Completed reload, in  1.947 seconds
Platform modules already initialized, skipping
Registering precompiled user dll's ...
Registered in 0.004305 seconds.
Begin MonoManager ReloadAssembly
Native extension for WindowsStandalone target not found
Native extension for WebGL target not found
Refreshing native plugins compatible for Editor in 58.07 ms, found 2 plugins.
Preloading 0 native plugins for Editor in 0.00 ms.
Mono: successfully reloaded assembly
- Completed reload, in  1.426 seconds
Platform modules already initialized, skipping
========================================================================
Worker process is ready to serve import requests
Shader 'Transparent/Cutout/Complete': fallback shader 'Transparent/Cutout/BumpedSpecular' not found
Shader 'Universal Render Pipeline/Particles/Lit': fallback shader 'Universal Render Pipeline/Particles/SimpleLit' not found
Launched and connected shader compiler UnityShaderCompiler.exe after 0.03 seconds
Refreshing native plugins compatible for Editor in 0.85 ms, found 2 plugins.
Preloading 0 native plugins for Editor in 0.00 ms.
Unloading 3352 Unused Serialized files (Serialized files now loaded: 0)
System memory in use before: 172.2 MB.
System memory in use after: 172.2 MB.

Unloading 37 unused Assets to reduce memory usage. Loaded Objects now: 3936.
Total: 4.258000 ms (FindLiveObjects: 0.507900 ms CreateObjectMapping: 0.321200 ms MarkObjects: 2.917400 ms  DeleteObjects: 0.510400 ms)

========================================================================
Received Import Request.
  path: Assets/Scripts
  artifactKey: Guid(924969d368012af439f1fbe05a2df00a) Importer(815301076,1909f56bfc062723c751e8b465ee728b)
Start importing Assets/Scripts using Guid(924969d368012af439f1fbe05a2df00a) Importer(815301076,1909f56bfc062723c751e8b465ee728b)  -> (artifact id: 'a12681729ceb5fcec75e4d0e8f27086d') in 0.010568 seconds
  Import took 0.016182 seconds .

========================================================================
Received Import Request.
  Time since last request: 132.196046 seconds.
  path: Assets/Scenes/TimelineTest.unity
  artifactKey: Guid(9fc0d4010bbf28b4594072e72b8655ab) Importer(815301076,1909f56bfc062723c751e8b465ee728b)
Start importing Assets/Scenes/TimelineTest.unity using Guid(9fc0d4010bbf28b4594072e72b8655ab) Importer(815301076,1909f56bfc062723c751e8b465ee728b)  -> (artifact id: 'a2f6cda5020777f8784e7502e84b6ec6') in 0.013419 seconds
  Import took 0.019793 seconds .

========================================================================
Received Import Request.
  Time since last request: 52.928967 seconds.
  path: Assets
  artifactKey: Guid(00000000000000001000000000000000) Importer(815301076,1909f56bfc062723c751e8b465ee728b)
Start importing Assets using Guid(00000000000000001000000000000000) Importer(815301076,1909f56bfc062723c751e8b465ee728b)  -> (artifact id: '42d402b061de3733987d63b9cc3b64de') in 0.005863 seconds
  Import took 0.010718 seconds .

========================================================================
Received Import Request.
  Time since last request: 18.047738 seconds.
  path: Assets/Prefabs
  artifactKey: Guid(a4eac01593d060943b7db2c13d64bbdf) Importer(815301076,1909f56bfc062723c751e8b465ee728b)
Start importing Assets/Prefabs using Guid(a4eac01593d060943b7db2c13d64bbdf) Importer(815301076,1909f56bfc062723c751e8b465ee728b)  -> (artifact id: 'fe4db251a23efeec1f7697ad9eb5ff35') in 0.005953 seconds
  Import took 0.011460 seconds .

========================================================================
Received Import Request.
  Time since last request: 8.909252 seconds.
  path: Assets/Prefabs/Player.prefab
  artifactKey: Guid(8249e4a5b0381ed47a0bfd3e81f5f955) Importer(815301076,1909f56bfc062723c751e8b465ee728b)
Start importing Assets/Prefabs/Player.prefab using Guid(8249e4a5b0381ed47a0bfd3e81f5f955) Importer(815301076,1909f56bfc062723c751e8b465ee728b)  -> (artifact id: 'b5a1d3cc87f2c538a1529a3162d0b2ee') in 0.179662 seconds
  Import took 0.187273 seconds .

========================================================================
Received Import Request.
  Time since last request: 11.536047 seconds.
  path: Assets/Scenes/SampleScene.unity
  artifactKey: Guid(990a644abcb0b1347aaa6c4b0b162b9c) Importer(815301076,1909f56bfc062723c751e8b465ee728b)
Start importing Assets/Scenes/SampleScene.unity using Guid(990a644abcb0b1347aaa6c4b0b162b9c) Importer(815301076,1909f56bfc062723c751e8b465ee728b)  -> (artifact id: '6641ef54f51a138e2f7afd04ba7d6e43') in 0.006411 seconds
  Import took 0.011906 seconds .

========================================================================
Received Prepare
Registering precompiled user dll's ...
Registered in 0.004152 seconds.
Begin MonoManager ReloadAssembly
Native extension for WindowsStandalone target not found
Native extension for WebGL target not found
Refreshing native plugins compatible for Editor in 57.95 ms, found 2 plugins.
Preloading 0 native plugins for Editor in 0.00 ms.
Mono: successfully reloaded assembly
- Completed reload, in  0.795 seconds
Platform modules already initialized, skipping
Shader 'Transparent/Cutout/Complete': fallback shader 'Transparent/Cutout/BumpedSpecular' not found
Shader 'Universal Render Pipeline/Particles/Lit': fallback shader 'Universal Render Pipeline/Particles/SimpleLit' not found
Refreshing native plugins compatible for Editor in 0.70 ms, found 2 plugins.
Preloading 0 native plugins for Editor in 0.00 ms.
Unloading 3513 Unused Serialized files (Serialized files now loaded: 0)
System memory in use before: 184.3 MB.
System memory in use after: 184.4 MB.

Unloading 22 unused Assets to reduce memory usage. Loaded Objects now: 4239.
Total: 1.935700 ms (FindLiveObjects: 0.306400 ms CreateObjectMapping: 0.174400 ms MarkObjects: 1.202200 ms  DeleteObjects: 0.252100 ms)

AssetImportWorkerClient::OnTransportError - code=2 error=End of file
